<?xml version="1.0" encoding="UTF-8" ?>
<testsuite tests="105" failures="0" name="com.cogmento_cucumber.runner.RunCukeTest" time="21.966" errors="0" skipped="0">
  <properties>
    <property name="java.runtime.name" value="Java(TM) SE Runtime Environment"/>
    <property name="sun.boot.library.path" value="C:\Program Files\Java\jdk1.8.0_65\jre\bin"/>
    <property name="java.vm.version" value="25.65-b01"/>
    <property name="java.vm.vendor" value="Oracle Corporation"/>
    <property name="maven.multiModuleProjectDirectory" value="C:\Users\Manpreet\eclipse-workspace\Cucumber_Framework"/>
    <property name="java.vendor.url" value="http://java.oracle.com/"/>
    <property name="path.separator" value=";"/>
    <property name="guice.disable.misplaced.annotation.check" value="true"/>
    <property name="java.vm.name" value="Java HotSpot(TM) 64-Bit Server VM"/>
    <property name="file.encoding.pkg" value="sun.io"/>
    <property name="user.script" value=""/>
    <property name="user.country" value="US"/>
    <property name="sun.java.launcher" value="SUN_STANDARD"/>
    <property name="sun.os.patch.level" value=""/>
    <property name="java.vm.specification.name" value="Java Virtual Machine Specification"/>
    <property name="user.dir" value="C:\Users\Manpreet\eclipse-workspace\Cucumber_Framework"/>
    <property name="java.runtime.version" value="1.8.0_65-b17"/>
    <property name="java.awt.graphicsenv" value="sun.awt.Win32GraphicsEnvironment"/>
    <property name="java.endorsed.dirs" value="C:\Program Files\Java\jdk1.8.0_65\jre\lib\endorsed"/>
    <property name="os.arch" value="amd64"/>
    <property name="java.io.tmpdir" value="C:\Users\Manpreet\AppData\Local\Temp\"/>
    <property name="line.separator" value="
"/>
    <property name="java.vm.specification.vendor" value="Oracle Corporation"/>
    <property name="user.variant" value=""/>
    <property name="os.name" value="Windows 10"/>
    <property name="classworlds.conf" value="C:\Users\Manpreet\eclipse-workspace\.metadata\.plugins\org.eclipse.m2e.launching\launches\m2conf8623297768275820291.tmp"/>
    <property name="sun.jnu.encoding" value="Cp1252"/>
    <property name="java.library.path" value="C:\Program Files\Java\jdk1.8.0_65\bin;C:\WINDOWS\Sun\Java\bin;C:\WINDOWS\system32;C:\WINDOWS;C:/Program Files/Java/jre1.8.0_65/bin/server;C:/Program Files/Java/jre1.8.0_65/bin;C:/Program Files/Java/jre1.8.0_65/lib/amd64;C:\Program Files (x86)\Common Files\Oracle\Java\javapath;C:\ProgramData\Oracle\Java\javapath;C:\Program Files (x86)\Intel\iCLS Client\;C:\Program Files\Intel\iCLS Client\;C:\WINDOWS\system32;C:\WINDOWS;C:\WINDOWS\System32\Wbem;C:\WINDOWS\System32\WindowsPowerShell\v1.0\;c:\Program Files\Intel\IntelSGXPSW\bin\x64\Release\;c:\Program Files\Intel\IntelSGXPSW\bin\win32\Release\;C:\Program Files (x86)\Intel\Intel(R) Management Engine Components\DAL;C:\Program Files\Intel\Intel(R) Management Engine Components\DAL;C:\Program Files (x86)\Intel\Intel(R) Management Engine Components\IPT;C:\Program Files\Intel\Intel(R) Management Engine Components\IPT;C:\Program Files\Intel\WiFi\bin\;C:\Program Files\Common Files\Intel\WirelessCommon\;C:\Users\Manpreet\Downloads\Selenium\Maven\apache-maven-3.5.0\bin\;C:\Users\Manpreet\Downloads\Selenium\Apache Ant\apache-ant-1.10.1\bin\;C:\Program Files\Git\cmd;C:\Program Files\Java\jdk1.8.0_65\bin;C:\WINDOWS\System32\OpenSSH\;C:\Program Files\TortoiseGit\bin;C:\Manpreet\Softwares\Apache_Derby\db-derby-10.14.2.0-bin\bin;C:\Users\Manpreet\Downloads\Selenium\apache-maven-3.6.3\bin;C:\Program Files\nodejs\;C:\Program Files\MySQL\MySQL Shell 8.0\bin\;C:\Users\Manpreet\AppData\Local\Programs\Python\Python38-32\Scripts\;C:\Users\Manpreet\AppData\Local\Programs\Python\Python38-32\;C:\Users\Manpreet\Downloads\Selenium\Sikuli\libs;C:\Users\Manpreet\AppData\Local\Microsoft\WindowsApps;;C:\Program Files\JetBrains\PyCharm Community Edition 2019.2.4\bin;;C:\Users\Manpreet\AppData\Local\Programs\Microsoft VS Code\bin;C:\Users\Manpreet\AppData\Roaming\npm;C:\Users\Manpreet\eclipse\jee-2018-12\eclipse;;."/>
    <property name="java.specification.name" value="Java Platform API Specification"/>
    <property name="java.class.version" value="52.0"/>
    <property name="sun.management.compiler" value="HotSpot 64-Bit Tiered Compilers"/>
    <property name="os.version" value="10.0"/>
    <property name="user.home" value="C:\Users\Manpreet"/>
    <property name="user.timezone" value="Asia/Calcutta"/>
    <property name="java.awt.printerjob" value="sun.awt.windows.WPrinterJob"/>
    <property name="java.specification.version" value="1.8"/>
    <property name="file.encoding" value="Cp1252"/>
    <property name="user.name" value="Manpreet"/>
    <property name="java.class.path" value="C:\Users\Manpreet\.p2\pool\plugins\org.eclipse.m2e.maven.runtime_1.10.0.20181127-2120\jars\plexus-classworlds-2.5.2.jar"/>
    <property name="java.vm.specification.version" value="1.8"/>
    <property name="sun.arch.data.model" value="64"/>
    <property name="java.home" value="C:\Program Files\Java\jdk1.8.0_65\jre"/>
    <property name="sun.java.command" value="org.codehaus.plexus.classworlds.launcher.Launcher -B test"/>
    <property name="java.specification.vendor" value="Oracle Corporation"/>
    <property name="user.language" value="en"/>
    <property name="awt.toolkit" value="sun.awt.windows.WToolkit"/>
    <property name="java.vm.info" value="mixed mode"/>
    <property name="java.version" value="1.8.0_65"/>
    <property name="java.ext.dirs" value="C:\Program Files\Java\jdk1.8.0_65\jre\lib\ext;C:\WINDOWS\Sun\Java\lib\ext"/>
    <property name="sun.boot.class.path" value="C:\Program Files\Java\jdk1.8.0_65\jre\lib\resources.jar;C:\Program Files\Java\jdk1.8.0_65\jre\lib\rt.jar;C:\Program Files\Java\jdk1.8.0_65\jre\lib\sunrsasign.jar;C:\Program Files\Java\jdk1.8.0_65\jre\lib\jsse.jar;C:\Program Files\Java\jdk1.8.0_65\jre\lib\jce.jar;C:\Program Files\Java\jdk1.8.0_65\jre\lib\charsets.jar;C:\Program Files\Java\jdk1.8.0_65\jre\lib\jfr.jar;C:\Program Files\Java\jdk1.8.0_65\jre\classes"/>
    <property name="java.vendor" value="Oracle Corporation"/>
    <property name="maven.home" value="C:\Users\Manpreet\eclipse-workspace\Cucumber_Framework\EMBEDDED"/>
    <property name="file.separator" value="\"/>
    <property name="java.vendor.url.bug" value="http://bugreport.sun.com/bugreport/"/>
    <property name="sun.cpu.endian" value="little"/>
    <property name="sun.io.unicode.encoding" value="UnicodeLittle"/>
    <property name="sun.desktop" value="windows"/>
    <property name="sun.cpu.isalist" value="amd64"/>
  </properties>
  <testcase classname="| Cogmento CRM |" name="Given User is on Login page of website &quot;https://ui.cogmento.com/&quot;" time="0.029"/>
  <testcase classname="| Cogmento CRM |" name="When User enters &quot;er_manpreet68@yahoo.com&quot; and &quot;SatnamKaur@1990&quot;" time="0"/>
  <testcase classname="| Cogmento CRM |" name="And User clicks on login button" time="0"/>
  <testcase classname="| Cogmento CRM |" name="Then User should be navigated to Home page" time="0"/>
  <testcase classname="| Cogmento CRM |" name="Then Page title is &quot;Cogmento CRM&quot;" time="0"/>
  <testcase classname="| Cogmento CRM |" name="| Cogmento CRM |" time="2.417"/>
  <testcase classname="| Bob | Marley | Google |" name="Given User is on Login page of website &quot;https://ui.cogmento.com/&quot;" time="0"/>
  <testcase classname="| Bob | Marley | Google |" name="When User enters &quot;er_manpreet68@yahoo.com&quot; and &quot;SatnamKaur@1990&quot;" time="0"/>
  <testcase classname="| Bob | Marley | Google |" name="And User clicks on login button" time="0"/>
  <testcase classname="| Bob | Marley | Google |" name="Then User should be navigated to Home page" time="0"/>
  <testcase classname="| Bob | Marley | Google |" name="Given User is already on Home Page" time="0"/>
  <testcase classname="| Bob | Marley | Google |" name="When User clicks on Contact from Side Menu" time="0"/>
  <testcase classname="| Bob | Marley | Google |" name="And User click on Create Contact button" time="0"/>
  <testcase classname="| Bob | Marley | Google |" name="And User enters contact details &quot;Bob&quot;, &quot;Marley&quot; and &quot;Google&quot;" time="0"/>
  <testcase classname="| Bob | Marley | Google |" name="And User click on Save Contact Button" time="0"/>
  <testcase classname="| Bob | Marley | Google |" name="Then New contact should be added" time="0"/>
  <testcase classname="| Bob | Marley | Google |" name="| Bob | Marley | Google |" time="1.154"/>
  <testcase classname="| Mark | Twain | FIS |" name="Given User is on Login page of website &quot;https://ui.cogmento.com/&quot;" time="0"/>
  <testcase classname="| Mark | Twain | FIS |" name="When User enters &quot;er_manpreet68@yahoo.com&quot; and &quot;SatnamKaur@1990&quot;" time="0"/>
  <testcase classname="| Mark | Twain | FIS |" name="And User clicks on login button" time="0"/>
  <testcase classname="| Mark | Twain | FIS |" name="Then User should be navigated to Home page" time="0"/>
  <testcase classname="| Mark | Twain | FIS |" name="Given User is already on Home Page" time="0"/>
  <testcase classname="| Mark | Twain | FIS |" name="When User clicks on Contact from Side Menu" time="0"/>
  <testcase classname="| Mark | Twain | FIS |" name="And User click on Create Contact button" time="0"/>
  <testcase classname="| Mark | Twain | FIS |" name="And User enters contact details &quot;Mark&quot;, &quot;Twain&quot; and &quot;FIS&quot;" time="0"/>
  <testcase classname="| Mark | Twain | FIS |" name="And User click on Save Contact Button" time="0"/>
  <testcase classname="| Mark | Twain | FIS |" name="Then New contact should be added" time="0"/>
  <testcase classname="| Mark | Twain | FIS |" name="| Mark | Twain | FIS |" time="9.826"/>
  <testcase classname="| Harley | Quinn | Microsoft |" name="Given User is on Login page of website &quot;https://ui.cogmento.com/&quot;" time="0"/>
  <testcase classname="| Harley | Quinn | Microsoft |" name="When User enters &quot;er_manpreet68@yahoo.com&quot; and &quot;SatnamKaur@1990&quot;" time="0"/>
  <testcase classname="| Harley | Quinn | Microsoft |" name="And User clicks on login button" time="0.001"/>
  <testcase classname="| Harley | Quinn | Microsoft |" name="Then User should be navigated to Home page" time="0"/>
  <testcase classname="| Harley | Quinn | Microsoft |" name="Given User is already on Home Page" time="0"/>
  <testcase classname="| Harley | Quinn | Microsoft |" name="When User clicks on Contact from Side Menu" time="0"/>
  <testcase classname="| Harley | Quinn | Microsoft |" name="And User click on Create Contact button" time="0"/>
  <testcase classname="| Harley | Quinn | Microsoft |" name="And User enters contact details &quot;Harley&quot;, &quot;Quinn&quot; and &quot;Microsoft&quot;" time="0"/>
  <testcase classname="| Harley | Quinn | Microsoft |" name="And User click on Save Contact Button" time="0"/>
  <testcase classname="| Harley | Quinn | Microsoft |" name="Then New contact should be added" time="0"/>
  <testcase classname="| Harley | Quinn | Microsoft |" name="| Harley | Quinn | Microsoft |" time="1.087"/>
  <testcase classname="| Space | SpaceX | Building awesome rockets |" name="Given User is on Login page of website &quot;https://ui.cogmento.com/&quot;" time="0"/>
  <testcase classname="| Space | SpaceX | Building awesome rockets |" name="When User enters &quot;er_manpreet68@yahoo.com&quot; and &quot;SatnamKaur@1990&quot;" time="0"/>
  <testcase classname="| Space | SpaceX | Building awesome rockets |" name="And User clicks on login button" time="0"/>
  <testcase classname="| Space | SpaceX | Building awesome rockets |" name="Then User should be navigated to Home page" time="0"/>
  <testcase classname="| Space | SpaceX | Building awesome rockets |" name="Given User is already on Home Page" time="0"/>
  <testcase classname="| Space | SpaceX | Building awesome rockets |" name="When User clicks on Deals from Side Menu" time="0"/>
  <testcase classname="| Space | SpaceX | Building awesome rockets |" name="And User click on Create Deal button" time="0"/>
  <testcase classname="| Space | SpaceX | Building awesome rockets |" name="And User enters deal details &quot;Space&quot;, &quot;SpaceX&quot; and &quot;Building awesome rockets&quot;" time="0"/>
  <testcase classname="| Space | SpaceX | Building awesome rockets |" name="And User click on Save Deal Button" time="0"/>
  <testcase classname="| Space | SpaceX | Building awesome rockets |" name="Then New deal should be added" time="0"/>
  <testcase classname="| Space | SpaceX | Building awesome rockets |" name="| Space | SpaceX | Building awesome rockets |" time="1.133"/>
  <testcase classname="| Automobile | Tesla | Battery powered cars |" name="Given User is on Login page of website &quot;https://ui.cogmento.com/&quot;" time="0"/>
  <testcase classname="| Automobile | Tesla | Battery powered cars |" name="When User enters &quot;er_manpreet68@yahoo.com&quot; and &quot;SatnamKaur@1990&quot;" time="0"/>
  <testcase classname="| Automobile | Tesla | Battery powered cars |" name="And User clicks on login button" time="0"/>
  <testcase classname="| Automobile | Tesla | Battery powered cars |" name="Then User should be navigated to Home page" time="0"/>
  <testcase classname="| Automobile | Tesla | Battery powered cars |" name="Given User is already on Home Page" time="0"/>
  <testcase classname="| Automobile | Tesla | Battery powered cars |" name="When User clicks on Deals from Side Menu" time="0.001"/>
  <testcase classname="| Automobile | Tesla | Battery powered cars |" name="And User click on Create Deal button" time="0"/>
  <testcase classname="| Automobile | Tesla | Battery powered cars |" name="And User enters deal details &quot;Automobile&quot;, &quot;Tesla&quot; and &quot;Battery powered cars&quot;" time="0"/>
  <testcase classname="| Automobile | Tesla | Battery powered cars |" name="And User click on Save Deal Button" time="0"/>
  <testcase classname="| Automobile | Tesla | Battery powered cars |" name="Then New deal should be added" time="0"/>
  <testcase classname="| Automobile | Tesla | Battery powered cars |" name="| Automobile | Tesla | Battery powered cars |" time="1.153"/>
  <testcase classname="| Food manufacturing | Nestle | Making Maggi for generations |" name="Given User is on Login page of website &quot;https://ui.cogmento.com/&quot;" time="0.001"/>
  <testcase classname="| Food manufacturing | Nestle | Making Maggi for generations |" name="When User enters &quot;er_manpreet68@yahoo.com&quot; and &quot;SatnamKaur@1990&quot;" time="0"/>
  <testcase classname="| Food manufacturing | Nestle | Making Maggi for generations |" name="And User clicks on login button" time="0"/>
  <testcase classname="| Food manufacturing | Nestle | Making Maggi for generations |" name="Then User should be navigated to Home page" time="0"/>
  <testcase classname="| Food manufacturing | Nestle | Making Maggi for generations |" name="Given User is already on Home Page" time="0"/>
  <testcase classname="| Food manufacturing | Nestle | Making Maggi for generations |" name="When User clicks on Deals from Side Menu" time="0"/>
  <testcase classname="| Food manufacturing | Nestle | Making Maggi for generations |" name="And User click on Create Deal button" time="0"/>
  <testcase classname="| Food manufacturing | Nestle | Making Maggi for generations |" name="And User enters deal details &quot;Food manufacturing&quot;, &quot;Nestle&quot; and &quot;Making Maggi for generations&quot;" time="0"/>
  <testcase classname="| Food manufacturing | Nestle | Making Maggi for generations |" name="And User click on Save Deal Button" time="0"/>
  <testcase classname="| Food manufacturing | Nestle | Making Maggi for generations |" name="Then New deal should be added" time="0"/>
  <testcase classname="| Food manufacturing | Nestle | Making Maggi for generations |" name="| Food manufacturing | Nestle | Making Maggi for generations |" time="1.71"/>
  <testcase classname="| Nestle | Food manufacturing | Making Maggi for generations |" name="Given User is on Login page of website &quot;https://ui.cogmento.com/&quot;" time="0"/>
  <testcase classname="| Nestle | Food manufacturing | Making Maggi for generations |" name="When User enters &quot;er_manpreet68@yahoo.com&quot; and &quot;SatnamKaur@1990&quot;" time="0"/>
  <testcase classname="| Nestle | Food manufacturing | Making Maggi for generations |" name="And User clicks on login button" time="0"/>
  <testcase classname="| Nestle | Food manufacturing | Making Maggi for generations |" name="Then User should be navigated to Home page" time="0"/>
  <testcase classname="| Nestle | Food manufacturing | Making Maggi for generations |" name="Given User is already on Home Page" time="0"/>
  <testcase classname="| Nestle | Food manufacturing | Making Maggi for generations |" name="When User clicks on Companies from Side Menu" time="0"/>
  <testcase classname="| Nestle | Food manufacturing | Making Maggi for generations |" name="And User click on Create Company button" time="0"/>
  <testcase classname="| Nestle | Food manufacturing | Making Maggi for generations |" name="And User enters company details &quot;Nestle&quot;, &quot;Food manufacturing&quot; and &quot;Making Maggi for generations&quot;" time="0"/>
  <testcase classname="| Nestle | Food manufacturing | Making Maggi for generations |" name="And User click on Save Company Button" time="0"/>
  <testcase classname="| Nestle | Food manufacturing | Making Maggi for generations |" name="Then New Company should be added" time="0"/>
  <testcase classname="| Nestle | Food manufacturing | Making Maggi for generations |" name="| Nestle | Food manufacturing | Making Maggi for generations |" time="1.092"/>
  <testcase classname="| Tesla | Space | Building awesome rockets |" name="Given User is on Login page of website &quot;https://ui.cogmento.com/&quot;" time="0"/>
  <testcase classname="| Tesla | Space | Building awesome rockets |" name="When User enters &quot;er_manpreet68@yahoo.com&quot; and &quot;SatnamKaur@1990&quot;" time="0"/>
  <testcase classname="| Tesla | Space | Building awesome rockets |" name="And User clicks on login button" time="0.001"/>
  <testcase classname="| Tesla | Space | Building awesome rockets |" name="Then User should be navigated to Home page" time="0.001"/>
  <testcase classname="| Tesla | Space | Building awesome rockets |" name="Given User is already on Home Page" time="0"/>
  <testcase classname="| Tesla | Space | Building awesome rockets |" name="When User clicks on Companies from Side Menu" time="0"/>
  <testcase classname="| Tesla | Space | Building awesome rockets |" name="And User click on Create Company button" time="0.001"/>
  <testcase classname="| Tesla | Space | Building awesome rockets |" name="And User enters company details &quot;Tesla&quot;, &quot;Space&quot; and &quot;Building awesome rockets&quot;" time="0"/>
  <testcase classname="| Tesla | Space | Building awesome rockets |" name="And User click on Save Company Button" time="0"/>
  <testcase classname="| Tesla | Space | Building awesome rockets |" name="Then New Company should be added" time="0"/>
  <testcase classname="| Tesla | Space | Building awesome rockets |" name="| Tesla | Space | Building awesome rockets |" time="1.203"/>
  <testcase classname="| Food manufacturing | Nestle | Making Maggi for gegenrations |" name="Given User is on Login page of website &quot;https://ui.cogmento.com/&quot;" time="0"/>
  <testcase classname="| Food manufacturing | Nestle | Making Maggi for gegenrations |" name="When User enters &quot;er_manpreet68@yahoo.com&quot; and &quot;SatnamKaur@1990&quot;" time="0"/>
  <testcase classname="| Food manufacturing | Nestle | Making Maggi for gegenrations |" name="And User clicks on login button" time="0"/>
  <testcase classname="| Food manufacturing | Nestle | Making Maggi for gegenrations |" name="Then User should be navigated to Home page" time="0"/>
  <testcase classname="| Food manufacturing | Nestle | Making Maggi for gegenrations |" name="Given User is already on Home Page" time="0"/>
  <testcase classname="| Food manufacturing | Nestle | Making Maggi for gegenrations |" name="When User clicks on Companies from Side Menu" time="0"/>
  <testcase classname="| Food manufacturing | Nestle | Making Maggi for gegenrations |" name="And User click on Create Company button" time="0"/>
  <testcase classname="| Food manufacturing | Nestle | Making Maggi for gegenrations |" name="And User enters company details &quot;Food manufacturing&quot;, &quot;Nestle&quot; and &quot;Making Maggi for gegenrations&quot;" time="0.001"/>
  <testcase classname="| Food manufacturing | Nestle | Making Maggi for gegenrations |" name="And User click on Save Company Button" time="0"/>
  <testcase classname="| Food manufacturing | Nestle | Making Maggi for gegenrations |" name="Then New Company should be added" time="0"/>
  <testcase classname="| Food manufacturing | Nestle | Making Maggi for gegenrations |" name="| Food manufacturing | Nestle | Making Maggi for gegenrations |" time="1.155"/>
</testsuite>